Using pre-set license
Built from '2022.3/release' branch; Version is '2022.3.5f1 (9674261d40ee) revision 9860134'; Using compiler version '192829333'; Build Type 'Release'
OS: 'Windows 10  (10.0.19045) 64bit Professional' Language: 'es' Physical Memory: 16271 MB
BatchMode: 1, IsHumanControllingUs: 0, StartBugReporterOnCrash: 0, Is64bit: 1, IsPro: 1

COMMAND LINE ARGUMENTS:
F:\2022.3.5f1\Editor\Unity.exe
-adb2
-batchMode
-noUpm
-name
AssetImportWorker0
-projectPath
C:/Users/Manuel/Desktop/Facultad/2do Año/2do Cuatrimestre/Aplicación de Motores II/No-1/No-1
-logFile
Logs/AssetImportWorker0.log
-srvPort
59508
Successfully changed project path to: C:/Users/Manuel/Desktop/Facultad/2do Año/2do Cuatrimestre/Aplicación de Motores II/No-1/No-1
C:/Users/Manuel/Desktop/Facultad/2do Año/2do Cuatrimestre/Aplicación de Motores II/No-1/No-1
[UnityMemory] Configuration Parameters - Can be set up in boot.config
    "memorysetup-bucket-allocator-granularity=16"
    "memorysetup-bucket-allocator-bucket-count=8"
    "memorysetup-bucket-allocator-block-size=33554432"
    "memorysetup-bucket-allocator-block-count=8"
    "memorysetup-main-allocator-block-size=16777216"
    "memorysetup-thread-allocator-block-size=16777216"
    "memorysetup-gfx-main-allocator-block-size=16777216"
    "memorysetup-gfx-thread-allocator-block-size=16777216"
    "memorysetup-cache-allocator-block-size=4194304"
    "memorysetup-typetree-allocator-block-size=2097152"
    "memorysetup-profiler-bucket-allocator-granularity=16"
    "memorysetup-profiler-bucket-allocator-bucket-count=8"
    "memorysetup-profiler-bucket-allocator-block-size=33554432"
    "memorysetup-profiler-bucket-allocator-block-count=8"
    "memorysetup-profiler-allocator-block-size=16777216"
    "memorysetup-profiler-editor-allocator-block-size=1048576"
    "memorysetup-temp-allocator-size-main=16777216"
    "memorysetup-job-temp-allocator-block-size=2097152"
    "memorysetup-job-temp-allocator-block-size-background=1048576"
    "memorysetup-job-temp-allocator-reduction-small-platforms=262144"
    "memorysetup-allocator-temp-initial-block-size-main=262144"
    "memorysetup-allocator-temp-initial-block-size-worker=262144"
    "memorysetup-temp-allocator-size-background-worker=32768"
    "memorysetup-temp-allocator-size-job-worker=262144"
    "memorysetup-temp-allocator-size-preload-manager=33554432"
    "memorysetup-temp-allocator-size-nav-mesh-worker=65536"
    "memorysetup-temp-allocator-size-audio-worker=65536"
    "memorysetup-temp-allocator-size-cloud-worker=32768"
    "memorysetup-temp-allocator-size-gi-baking-worker=262144"
    "memorysetup-temp-allocator-size-gfx=262144"
Player connection [2480] Host "[IP] 192.168.0.30 [Port] 0 [Flags] 2 [Guid] 2833016329 [EditorId] 2833016329 [Version] 1048832 [Id] WindowsEditor(7,Manuel-Desktop) [Debug] 1 [PackageName] WindowsEditor [ProjectName] Editor" joined multi-casting on [225.0.0.222:54997]...

Player connection [2480] Host "[IP] 192.168.0.30 [Port] 0 [Flags] 2 [Guid] 2833016329 [EditorId] 2833016329 [Version] 1048832 [Id] WindowsEditor(7,Manuel-Desktop) [Debug] 1 [PackageName] WindowsEditor [ProjectName] Editor" joined alternative multi-casting on [225.0.0.222:34997]...

Refreshing native plugins compatible for Editor in 520.41 ms, found 3 plugins.
Preloading 0 native plugins for Editor in 0.00 ms.
Initialize engine version: 2022.3.5f1 (9674261d40ee)
[Subsystems] Discovering subsystems at path F:/2022.3.5f1/Editor/Data/Resources/UnitySubsystems
[Subsystems] Discovering subsystems at path C:/Users/Manuel/Desktop/Facultad/2do Año/2do Cuatrimestre/Aplicación de Motores II/No-1/No-1/Assets
GfxDevice: creating device client; threaded=0; jobified=0
Direct3D:
    Version:  Direct3D 11.0 [level 11.1]
    Renderer: NVIDIA GeForce RTX 3070 (ID=0x2488)
    Vendor:   NVIDIA
    VRAM:     8018 MB
    Driver:   32.0.15.7260
Initialize mono
Mono path[0] = 'F:/2022.3.5f1/Editor/Data/Managed'
Mono path[1] = 'F:/2022.3.5f1/Editor/Data/MonoBleedingEdge/lib/mono/unityjit-win32'
Mono config path = 'F:/2022.3.5f1/Editor/Data/MonoBleedingEdge/etc'
Using monoOptions --debugger-agent=transport=dt_socket,embedding=1,server=y,suspend=n,address=127.0.0.1:56612
Begin MonoManager ReloadAssembly
Registering precompiled unity dll's ...
Register platform support module: F:/2022.3.5f1/Editor/Data/PlaybackEngines/WindowsStandaloneSupport/UnityEditor.WindowsStandalone.Extensions.dll
Registered in 0.070177 seconds.
- Loaded All Assemblies, in  1.268 seconds
Native extension for WindowsStandalone target not found
Mono: successfully reloaded assembly
- Finished resetting the current domain, in  0.198 seconds
Domain Reload Profiling: 1465ms
	BeginReloadAssembly (1023ms)
		ExecutionOrderSort (0ms)
		DisableScriptedObjects (0ms)
		BackupInstance (0ms)
		ReleaseScriptingObjects (0ms)
		CreateAndSetChildDomain (1ms)
	RebuildCommonClasses (25ms)
	RebuildNativeTypeToScriptingClass (8ms)
	initialDomainReloadingComplete (111ms)
	LoadAllAssembliesAndSetupDomain (101ms)
		LoadAssemblies (1022ms)
		RebuildTransferFunctionScriptingTraits (0ms)
		AnalyzeDomain (98ms)
			TypeCache.Refresh (98ms)
				TypeCache.ScanAssembly (89ms)
			ScanForSourceGeneratedMonoScriptInfo (0ms)
			ResolveRequiredComponents (0ms)
	FinalizeReload (198ms)
		ReleaseScriptCaches (0ms)
		RebuildScriptCaches (0ms)
		SetupLoadedEditorAssemblies (155ms)
			LogAssemblyErrors (0ms)
			InitializePlatformSupportModulesInManaged (5ms)
			SetLoadedEditorAssemblies (5ms)
			RefreshPlugins (0ms)
			BeforeProcessingInitializeOnLoad (2ms)
			ProcessInitializeOnLoadAttributes (104ms)
			ProcessInitializeOnLoadMethodAttributes (39ms)
			AfterProcessingInitializeOnLoad (0ms)
			EditorAssembliesLoaded (0ms)
		ExecutionOrderSort2 (0ms)
		AwakeInstancesAfterBackupRestoration (0ms)
========================================================================
Worker process is ready to serve import requests
Begin MonoManager ReloadAssembly
Symbol file LoadedFromMemory doesn't match image C:\Users\Manuel\Desktop\Facultad\2do Año\2do Cuatrimestre\Aplicación de Motores II\No-1\No-1\Library\PackageCache\com.unity.visualscripting@1.8.0\Editor\VisualScripting.Core\Dependencies\YamlDotNet\Unity.VisualScripting.YamlDotNet.dll
Symbol file LoadedFromMemory doesn't match image C:\Users\Manuel\Desktop\Facultad\2do Año\2do Cuatrimestre\Aplicación de Motores II\No-1\No-1\Library\PackageCache\com.unity.visualscripting@1.8.0\Editor\VisualScripting.Core\Dependencies\DotNetZip\Unity.VisualScripting.IonicZip.dll
- Loaded All Assemblies, in  3.560 seconds
Refreshing native plugins compatible for Editor in 6.30 ms, found 3 plugins.
Native extension for WindowsStandalone target not found
Mono: successfully reloaded assembly
- Finished resetting the current domain, in  0.660 seconds
Domain Reload Profiling: 4211ms
	BeginReloadAssembly (886ms)
		ExecutionOrderSort (0ms)
		DisableScriptedObjects (4ms)
		BackupInstance (0ms)
		ReleaseScriptingObjects (0ms)
		CreateAndSetChildDomain (19ms)
	RebuildCommonClasses (28ms)
	RebuildNativeTypeToScriptingClass (8ms)
	initialDomainReloadingComplete (56ms)
	LoadAllAssembliesAndSetupDomain (2572ms)
		LoadAssemblies (3104ms)
		RebuildTransferFunctionScriptingTraits (0ms)
		AnalyzeDomain (298ms)
			TypeCache.Refresh (264ms)
				TypeCache.ScanAssembly (253ms)
			ScanForSourceGeneratedMonoScriptInfo (23ms)
			ResolveRequiredComponents (11ms)
	FinalizeReload (660ms)
		ReleaseScriptCaches (0ms)
		RebuildScriptCaches (0ms)
		SetupLoadedEditorAssemblies (519ms)
			LogAssemblyErrors (0ms)
			InitializePlatformSupportModulesInManaged (6ms)
			SetLoadedEditorAssemblies (5ms)
			RefreshPlugins (0ms)
			BeforeProcessingInitializeOnLoad (90ms)
			ProcessInitializeOnLoadAttributes (363ms)
			ProcessInitializeOnLoadMethodAttributes (54ms)
			AfterProcessingInitializeOnLoad (2ms)
			EditorAssembliesLoaded (0ms)
		ExecutionOrderSort2 (0ms)
		AwakeInstancesAfterBackupRestoration (5ms)
Launched and connected shader compiler UnityShaderCompiler.exe after 0.19 seconds
Refreshing native plugins compatible for Editor in 23.55 ms, found 3 plugins.
Preloading 0 native plugins for Editor in 0.00 ms.
Unloading 5624 Unused Serialized files (Serialized files now loaded: 0)
Unloading 92 unused Assets / (1.6 MB). Loaded Objects now: 6084.
Memory consumption went from 237.3 MB to 235.7 MB.
Total: 41.160700 ms (FindLiveObjects: 7.703400 ms CreateObjectMapping: 0.937100 ms MarkObjects: 31.474200 ms  DeleteObjects: 1.044700 ms)

AssetImportParameters requested are different than current active one (requested -> active):
  custom:container-demuxer-ogg: 62fdf1f143b41e24485cea50d1cbac27 -> 
  custom:video-decoder-ogg-theora: a1e56fd34408186e4bbccfd4996cb3dc -> 
  custom:framework-win-MediaFoundation: 216162199b28c13a410421893ffa2e32 -> 
  custom:container-demuxer-webm: 4f35f7cbe854078d1ac9338744f61a02 -> 
  custom:container-muxer-webm: aa71ff27fc2769a1b78a27578f13a17b -> 
  custom:video-decoder-webm-vp8: 9c59270c3fd7afecdb556c50c9e8de78 -> 
  custom:AudioImporter_EditorPlatform: d09bf68614088b80899f8185d706f6e7 -> 
  custom:video-encoder-webm-vp8: eb34c28f22e8b96e1ab97ce403110664 -> 
  custom:audio-decoder-ogg-vorbis: bf7c407c2cedff20999df2af8eb42d56 -> 
  custom:audio-encoder-webm-vorbis: bf7c407c2cedff20999df2af8eb42d56 -> 
========================================================================
Received Prepare
Refreshing native plugins compatible for Editor in 7.69 ms, found 3 plugins.
Preloading 0 native plugins for Editor in 0.00 ms.
Unloading 15 Unused Serialized files (Serialized files now loaded: 0)
Unloading 15 unused Assets / (1.6 MB). Loaded Objects now: 6084.
Memory consumption went from 112.5 MB to 110.9 MB.
Total: 6.927500 ms (FindLiveObjects: 0.835400 ms CreateObjectMapping: 0.617500 ms MarkObjects: 5.001400 ms  DeleteObjects: 0.472200 ms)

Prepare: number of updated asset objects reloaded= 0
AssetImportParameters requested are different than current active one (requested -> active):
  custom:container-demuxer-ogg: 62fdf1f143b41e24485cea50d1cbac27 -> 
  custom:video-decoder-ogg-theora: a1e56fd34408186e4bbccfd4996cb3dc -> 
  custom:framework-win-MediaFoundation: 216162199b28c13a410421893ffa2e32 -> 
  custom:CustomObjectIndexerAttribute: a3ef5dd2817f97addfee359851a9dba5 -> 
  custom:container-demuxer-webm: 4f35f7cbe854078d1ac9338744f61a02 -> 
  custom:container-muxer-webm: aa71ff27fc2769a1b78a27578f13a17b -> 
  custom:video-decoder-webm-vp8: 9c59270c3fd7afecdb556c50c9e8de78 -> 
  custom:AudioImporter_EditorPlatform: d09bf68614088b80899f8185d706f6e7 -> 
  custom:video-encoder-webm-vp8: eb34c28f22e8b96e1ab97ce403110664 -> 
  custom:audio-decoder-ogg-vorbis: bf7c407c2cedff20999df2af8eb42d56 -> 
  custom:audio-encoder-webm-vorbis: bf7c407c2cedff20999df2af8eb42d56 -> 
========================================================================
Received Import Request.
  Time since last request: 165318.648867 seconds.
  path: Assets/Shader/unnamed.jpg
  artifactKey: Guid(8e68df06d9e9bc64e898749be97afcf1) Importer(815301076,1909f56bfc062723c751e8b465ee728b)
Start importing Assets/Shader/unnamed.jpg using Guid(8e68df06d9e9bc64e898749be97afcf1) Importer(815301076,1909f56bfc062723c751e8b465ee728b)  -> (artifact id: 'd975d09176e845341f7c61611454f42e') in 0.034312 seconds
Number of updated asset objects reloaded before import = 0
Number of asset objects unloaded after import = 1
========================================================================
Received Import Request.
  Time since last request: 128.230797 seconds.
  path: Assets/Shader/Water.shadergraph
  artifactKey: Guid(01269119893eeab47b51d660d78194ef) Importer(815301076,1909f56bfc062723c751e8b465ee728b)
Start importing Assets/Shader/Water.shadergraph using Guid(01269119893eeab47b51d660d78194ef) Importer(815301076,1909f56bfc062723c751e8b465ee728b)  -> (artifact id: 'f2a0cffdc892abd3e63f4181ab678161') in 0.001366 seconds
Number of updated asset objects reloaded before import = 0
Number of asset objects unloaded after import = 2
========================================================================
Received Import Request.
  Time since last request: 6.825234 seconds.
  path: Assets/Shader/Clase 4 - Agua
  artifactKey: Guid(0357772af2552f84d85b5e6d67a0b95f) Importer(815301076,1909f56bfc062723c751e8b465ee728b)
Start importing Assets/Shader/Clase 4 - Agua using Guid(0357772af2552f84d85b5e6d67a0b95f) Importer(815301076,1909f56bfc062723c751e8b465ee728b)  -> (artifact id: 'afc15b8f5616a4a8f7825814e35a8229') in 0.000391 seconds
Number of updated asset objects reloaded before import = 0
Number of asset objects unloaded after import = 0
========================================================================
Received Import Request.
  Time since last request: 0.061571 seconds.
  path: Assets/Shader/Clase 4 - Agua/Depth Fade.shadersubgraph
  artifactKey: Guid(26bcb98673fee334eb77945781856604) Importer(815301076,1909f56bfc062723c751e8b465ee728b)
Start importing Assets/Shader/Clase 4 - Agua/Depth Fade.shadersubgraph using Guid(26bcb98673fee334eb77945781856604) Importer(815301076,1909f56bfc062723c751e8b465ee728b)  -> (artifact id: 'ede9b59f55c0c2fad19301754860a9ec') in 0.002547 seconds
Number of updated asset objects reloaded before import = 0
Number of asset objects unloaded after import = 1
========================================================================
Received Import Request.
  Time since last request: 0.000010 seconds.
  path: Assets/Shader/Clase 4 - Agua/water normal 2.jpg
  artifactKey: Guid(d53c35ac32cb20b42906d7a30a046765) Importer(815301076,1909f56bfc062723c751e8b465ee728b)
Start importing Assets/Shader/Clase 4 - Agua/water normal 2.jpg using Guid(d53c35ac32cb20b42906d7a30a046765) Importer(815301076,1909f56bfc062723c751e8b465ee728b)  -> (artifact id: '6af44959c648e8492022936edff48480') in 0.000983 seconds
Number of updated asset objects reloaded before import = 0
Number of asset objects unloaded after import = 1
========================================================================
Received Import Request.
  Time since last request: 0.000010 seconds.
  path: Assets/Shader/Clase 4 - Agua/water normal 1.jpg
  artifactKey: Guid(2fa19cbfd1a1c80438efb85c6cf3d136) Importer(815301076,1909f56bfc062723c751e8b465ee728b)
Start importing Assets/Shader/Clase 4 - Agua/water normal 1.jpg using Guid(2fa19cbfd1a1c80438efb85c6cf3d136) Importer(815301076,1909f56bfc062723c751e8b465ee728b)  -> (artifact id: '68dfe87df0e2ede8be70372d4ccce03d') in 0.001172 seconds
Number of updated asset objects reloaded before import = 0
Number of asset objects unloaded after import = 1
========================================================================
Received Import Request.
  Time since last request: 1.134331 seconds.
  path: Assets/Shader/Clase 4 - Agua/Water.shadergraph
  artifactKey: Guid(40a3884f4eb308e4d9dd051f2cb045b3) Importer(815301076,1909f56bfc062723c751e8b465ee728b)
Start importing Assets/Shader/Clase 4 - Agua/Water.shadergraph using Guid(40a3884f4eb308e4d9dd051f2cb045b3) Importer(815301076,1909f56bfc062723c751e8b465ee728b)  -> (artifact id: '07ebdfad224359ef47121c4d2311586d') in 0.001604 seconds
Number of updated asset objects reloaded before import = 0
Number of asset objects unloaded after import = 2
========================================================================
Received Import Request.
  Time since last request: 2.865037 seconds.
  path: Assets/Readme.asset
  artifactKey: Guid(8105016687592461f977c054a80ce2f2) Importer(815301076,1909f56bfc062723c751e8b465ee728b)
Start importing Assets/Readme.asset using Guid(8105016687592461f977c054a80ce2f2) Importer(815301076,1909f56bfc062723c751e8b465ee728b)  -> (artifact id: '9b232f2c7c23ca79350ff43187ed20ef') in 0.002842 seconds
Number of updated asset objects reloaded before import = 0
Number of asset objects unloaded after import = 2
========================================================================
Received Import Request.
  Time since last request: 51.492658 seconds.
  path: Assets/Shader/Robado.unitypackage
  artifactKey: Guid(1c4d803a80ec979408c78e61a0875a68) Importer(815301076,1909f56bfc062723c751e8b465ee728b)
Start importing Assets/Shader/Robado.unitypackage using Guid(1c4d803a80ec979408c78e61a0875a68) Importer(815301076,1909f56bfc062723c751e8b465ee728b)  -> (artifact id: 'bc720dc512951e259c953496537273e4') in 0.000878 seconds
Number of updated asset objects reloaded before import = 0
Number of asset objects unloaded after import = 1
========================================================================
Received Import Request.
  Time since last request: 7.669938 seconds.
  path: Assets/Shader/Toon Shader
  artifactKey: Guid(0f1ee6e81d890c54b8ed76d1e8cefe95) Importer(815301076,1909f56bfc062723c751e8b465ee728b)
Start importing Assets/Shader/Toon Shader using Guid(0f1ee6e81d890c54b8ed76d1e8cefe95) Importer(815301076,1909f56bfc062723c751e8b465ee728b)  -> (artifact id: '73e567f908d996ebf9db8307adaaea2c') in 0.000364 seconds
Number of updated asset objects reloaded before import = 0
Number of asset objects unloaded after import = 0
========================================================================
Received Import Request.
  Time since last request: 0.071140 seconds.
  path: Assets/Shader/Toon Shader/Toon.mat
  artifactKey: Guid(09ab5868c7171cc418987fb3db7b308f) Importer(815301076,1909f56bfc062723c751e8b465ee728b)
Start importing Assets/Shader/Toon Shader/Toon.mat using Guid(09ab5868c7171cc418987fb3db7b308f) Importer(815301076,1909f56bfc062723c751e8b465ee728b)  -> (artifact id: 'a853ca2f0b27d230d2a653ab619d1405') in 0.001822 seconds
Number of updated asset objects reloaded before import = 0
Number of asset objects unloaded after import = 2
========================================================================
Received Import Request.
  Time since last request: 13.111253 seconds.
  path: Assets/Shaders
  artifactKey: Guid(ba7bb44fb1f4728469b793501c4b71f9) Importer(815301076,1909f56bfc062723c751e8b465ee728b)
Start importing Assets/Shaders using Guid(ba7bb44fb1f4728469b793501c4b71f9) Importer(815301076,1909f56bfc062723c751e8b465ee728b)  -> (artifact id: '6466cf8ec18b6d2958729dce1606bc7a') in 0.000460 seconds
Number of updated asset objects reloaded before import = 0
Number of asset objects unloaded after import = 0
========================================================================
Received Import Request.
  Time since last request: 12.103798 seconds.
  path: Assets/Shader/Shaders/StylizedWater.shadergraph
  artifactKey: Guid(1258ecde22d5aae46872fb93c439ec41) Importer(815301076,1909f56bfc062723c751e8b465ee728b)
Start importing Assets/Shader/Shaders/StylizedWater.shadergraph using Guid(1258ecde22d5aae46872fb93c439ec41) Importer(815301076,1909f56bfc062723c751e8b465ee728b)  -> (artifact id: 'd68deb59ebd3c1b10207bf2bd2f08ff0') in 0.001683 seconds
Number of updated asset objects reloaded before import = 0
Number of asset objects unloaded after import = 2
========================================================================
Received Import Request.
  Time since last request: 18.247223 seconds.
  path: Assets/Shader/Shaders/StylizedWater.mat
  artifactKey: Guid(3eae58304d5aefa4a9597d8a4433683e) Importer(815301076,1909f56bfc062723c751e8b465ee728b)
Start importing Assets/Shader/Shaders/StylizedWater.mat using Guid(3eae58304d5aefa4a9597d8a4433683e) Importer(815301076,1909f56bfc062723c751e8b465ee728b)  -> (artifact id: '35cb5696984cae18a9983021b4064f37') in 0.002112 seconds
Number of updated asset objects reloaded before import = 0
Number of asset objects unloaded after import = 2
========================================================================
Received Import Request.
  Time since last request: 146.181334 seconds.
  path: Assets/Shader/Shaders/Outilner.shadergraph
  artifactKey: Guid(9fb5f188ee9fe244e8e8139ec4dc9361) Importer(815301076,1909f56bfc062723c751e8b465ee728b)
Start importing Assets/Shader/Shaders/Outilner.shadergraph using Guid(9fb5f188ee9fe244e8e8139ec4dc9361) Importer(815301076,1909f56bfc062723c751e8b465ee728b)  -> (artifact id: '6feab744493b76595629d37166aaf9f8') in 0.001707 seconds
Number of updated asset objects reloaded before import = 0
Number of asset objects unloaded after import = 2
========================================================================
Received Import Request.
  Time since last request: 340.252275 seconds.
  path: Assets/Shader/Shaders/StylizedWater.shadergraph
  artifactKey: Guid(1258ecde22d5aae46872fb93c439ec41) Importer(815301076,1909f56bfc062723c751e8b465ee728b)
Start importing Assets/Shader/Shaders/StylizedWater.shadergraph using Guid(1258ecde22d5aae46872fb93c439ec41) Importer(815301076,1909f56bfc062723c751e8b465ee728b)  -> (artifact id: '0c9668b4db7d8120fa68f5b990c26154') in 0.001681 seconds
Number of updated asset objects reloaded before import = 0
Number of asset objects unloaded after import = 2
========================================================================
Received Import Request.
  Time since last request: 362.460937 seconds.
  path: Assets/Shader/Shaders/ToonShader.shadergraph
  artifactKey: Guid(910b030fe8dae994bb8a6eb07f5676b6) Importer(815301076,1909f56bfc062723c751e8b465ee728b)
Start importing Assets/Shader/Shaders/ToonShader.shadergraph using Guid(910b030fe8dae994bb8a6eb07f5676b6) Importer(815301076,1909f56bfc062723c751e8b465ee728b)  -> (artifact id: '745f1e680e69508aa7c194ca87577b62') in 0.001763 seconds
Number of updated asset objects reloaded before import = 0
Number of asset objects unloaded after import = 2
========================================================================
Received Import Request.
  Time since last request: 13.643355 seconds.
  path: Assets/Shader/Shaders/StylizedWater.mat
  artifactKey: Guid(3eae58304d5aefa4a9597d8a4433683e) Importer(815301076,1909f56bfc062723c751e8b465ee728b)
Start importing Assets/Shader/Shaders/StylizedWater.mat using Guid(3eae58304d5aefa4a9597d8a4433683e) Importer(815301076,1909f56bfc062723c751e8b465ee728b)  -> (artifact id: '7c555dca8647becd3983227411089f54') in 0.001714 seconds
Number of updated asset objects reloaded before import = 0
Number of asset objects unloaded after import = 2
========================================================================
Received Import Request.
  Time since last request: 118.886704 seconds.
  path: Assets/Shader/Shaders/Outliner.mat
  artifactKey: Guid(c31555fdaed449c409eac7b377e8afbf) Importer(815301076,1909f56bfc062723c751e8b465ee728b)
Start importing Assets/Shader/Shaders/Outliner.mat using Guid(c31555fdaed449c409eac7b377e8afbf) Importer(815301076,1909f56bfc062723c751e8b465ee728b)  -> (artifact id: '41acd6a73d84c570b1b070992a1cc7aa') in 0.001920 seconds
Number of updated asset objects reloaded before import = 0
Number of asset objects unloaded after import = 2
========================================================================
Received Import Request.
  Time since last request: 32.307843 seconds.
  path: Assets/Shader/Shaders/Water.shadergraph
  artifactKey: Guid(5e70e97635201724786403b57fb0690f) Importer(815301076,1909f56bfc062723c751e8b465ee728b)
Start importing Assets/Shader/Shaders/Water.shadergraph using Guid(5e70e97635201724786403b57fb0690f) Importer(815301076,1909f56bfc062723c751e8b465ee728b)  -> (artifact id: '64deb809a7d7d5921ae43ab9a777ff2b') in 0.001585 seconds
Number of updated asset objects reloaded before import = 0
Number of asset objects unloaded after import = 2
========================================================================
Received Import Request.
  Time since last request: 11.497215 seconds.
  path: Assets/Shader/Shaders/Water.mat
  artifactKey: Guid(87ef2fd4fc7ae5c40be746146b9fd6ea) Importer(815301076,1909f56bfc062723c751e8b465ee728b)
Start importing Assets/Shader/Shaders/Water.mat using Guid(87ef2fd4fc7ae5c40be746146b9fd6ea) Importer(815301076,1909f56bfc062723c751e8b465ee728b)  -> (artifact id: 'c19842faa6bf65a2ad7f4ca37b76cf03') in 0.001914 seconds
Number of updated asset objects reloaded before import = 0
Number of asset objects unloaded after import = 2
========================================================================
Received Import Request.
  Time since last request: 436.809558 seconds.
  path: Assets/Shader/Shaders/StylizedWater.mat
  artifactKey: Guid(3eae58304d5aefa4a9597d8a4433683e) Importer(815301076,1909f56bfc062723c751e8b465ee728b)
Start importing Assets/Shader/Shaders/StylizedWater.mat using Guid(3eae58304d5aefa4a9597d8a4433683e) Importer(815301076,1909f56bfc062723c751e8b465ee728b)  -> (artifact id: '3bab960f77bb95bed6244a6e3b1e6822') in 0.002125 seconds
Number of updated asset objects reloaded before import = 0
Number of asset objects unloaded after import = 2
