Using pre-set license
Built from '2022.3/release' branch; Version is '2022.3.5f1 (9674261d40ee) revision 9860134'; Using compiler version '192829333'; Build Type 'Release'
OS: 'Windows 10  (10.0.19045) 64bit Professional' Language: 'es' Physical Memory: 16271 MB
BatchMode: 1, IsHumanControllingUs: 0, StartBugReporterOnCrash: 0, Is64bit: 1, IsPro: 1

COMMAND LINE ARGUMENTS:
F:\2022.3.5f1\Editor\Unity.exe
-adb2
-batchMode
-noUpm
-name
AssetImportWorker0
-projectPath
C:/Users/Manuel/Desktop/Facultad/2do Año/2do Cuatrimestre/Aplicación de Motores II/No-1/No-1
-logFile
Logs/AssetImportWorker0.log
-srvPort
51534
Successfully changed project path to: C:/Users/Manuel/Desktop/Facultad/2do Año/2do Cuatrimestre/Aplicación de Motores II/No-1/No-1
C:/Users/Manuel/Desktop/Facultad/2do Año/2do Cuatrimestre/Aplicación de Motores II/No-1/No-1
[UnityMemory] Configuration Parameters - Can be set up in boot.config
    "memorysetup-bucket-allocator-granularity=16"
    "memorysetup-bucket-allocator-bucket-count=8"
    "memorysetup-bucket-allocator-block-size=33554432"
    "memorysetup-bucket-allocator-block-count=8"
    "memorysetup-main-allocator-block-size=16777216"
    "memorysetup-thread-allocator-block-size=16777216"
    "memorysetup-gfx-main-allocator-block-size=16777216"
    "memorysetup-gfx-thread-allocator-block-size=16777216"
    "memorysetup-cache-allocator-block-size=4194304"
    "memorysetup-typetree-allocator-block-size=2097152"
    "memorysetup-profiler-bucket-allocator-granularity=16"
    "memorysetup-profiler-bucket-allocator-bucket-count=8"
    "memorysetup-profiler-bucket-allocator-block-size=33554432"
    "memorysetup-profiler-bucket-allocator-block-count=8"
    "memorysetup-profiler-allocator-block-size=16777216"
    "memorysetup-profiler-editor-allocator-block-size=1048576"
    "memorysetup-temp-allocator-size-main=16777216"
    "memorysetup-job-temp-allocator-block-size=2097152"
    "memorysetup-job-temp-allocator-block-size-background=1048576"
    "memorysetup-job-temp-allocator-reduction-small-platforms=262144"
    "memorysetup-allocator-temp-initial-block-size-main=262144"
    "memorysetup-allocator-temp-initial-block-size-worker=262144"
    "memorysetup-temp-allocator-size-background-worker=32768"
    "memorysetup-temp-allocator-size-job-worker=262144"
    "memorysetup-temp-allocator-size-preload-manager=33554432"
    "memorysetup-temp-allocator-size-nav-mesh-worker=65536"
    "memorysetup-temp-allocator-size-audio-worker=65536"
    "memorysetup-temp-allocator-size-cloud-worker=32768"
    "memorysetup-temp-allocator-size-gi-baking-worker=262144"
    "memorysetup-temp-allocator-size-gfx=262144"
Player connection [33692] Host "[IP] 192.168.0.30 [Port] 0 [Flags] 2 [Guid] 3615127332 [EditorId] 3615127332 [Version] 1048832 [Id] WindowsEditor(7,Manuel-Desktop) [Debug] 1 [PackageName] WindowsEditor [ProjectName] Editor" joined multi-casting on [225.0.0.222:54997]...

Player connection [33692] Host "[IP] 192.168.0.30 [Port] 0 [Flags] 2 [Guid] 3615127332 [EditorId] 3615127332 [Version] 1048832 [Id] WindowsEditor(7,Manuel-Desktop) [Debug] 1 [PackageName] WindowsEditor [ProjectName] Editor" joined alternative multi-casting on [225.0.0.222:34997]...

Refreshing native plugins compatible for Editor in 434.57 ms, found 3 plugins.
Preloading 0 native plugins for Editor in 0.00 ms.
Initialize engine version: 2022.3.5f1 (9674261d40ee)
[Subsystems] Discovering subsystems at path F:/2022.3.5f1/Editor/Data/Resources/UnitySubsystems
[Subsystems] Discovering subsystems at path C:/Users/Manuel/Desktop/Facultad/2do Año/2do Cuatrimestre/Aplicación de Motores II/No-1/No-1/Assets
GfxDevice: creating device client; threaded=0; jobified=0
Direct3D:
    Version:  Direct3D 11.0 [level 11.1]
    Renderer: NVIDIA GeForce RTX 3070 (ID=0x2488)
    Vendor:   NVIDIA
    VRAM:     8018 MB
    Driver:   32.0.15.7260
Initialize mono
Mono path[0] = 'F:/2022.3.5f1/Editor/Data/Managed'
Mono path[1] = 'F:/2022.3.5f1/Editor/Data/MonoBleedingEdge/lib/mono/unityjit-win32'
Mono config path = 'F:/2022.3.5f1/Editor/Data/MonoBleedingEdge/etc'
Using monoOptions --debugger-agent=transport=dt_socket,embedding=1,server=y,suspend=n,address=127.0.0.1:56708
Begin MonoManager ReloadAssembly
Registering precompiled unity dll's ...
Register platform support module: F:/2022.3.5f1/Editor/Data/PlaybackEngines/WindowsStandaloneSupport/UnityEditor.WindowsStandalone.Extensions.dll
Registered in 0.024219 seconds.
- Loaded All Assemblies, in  1.188 seconds
Native extension for WindowsStandalone target not found
Mono: successfully reloaded assembly
- Finished resetting the current domain, in  0.280 seconds
Domain Reload Profiling: 1468ms
	BeginReloadAssembly (927ms)
		ExecutionOrderSort (0ms)
		DisableScriptedObjects (0ms)
		BackupInstance (0ms)
		ReleaseScriptingObjects (0ms)
		CreateAndSetChildDomain (1ms)
	RebuildCommonClasses (32ms)
	RebuildNativeTypeToScriptingClass (13ms)
	initialDomainReloadingComplete (72ms)
	LoadAllAssembliesAndSetupDomain (144ms)
		LoadAssemblies (927ms)
		RebuildTransferFunctionScriptingTraits (0ms)
		AnalyzeDomain (141ms)
			TypeCache.Refresh (140ms)
				TypeCache.ScanAssembly (126ms)
			ScanForSourceGeneratedMonoScriptInfo (0ms)
			ResolveRequiredComponents (0ms)
	FinalizeReload (281ms)
		ReleaseScriptCaches (0ms)
		RebuildScriptCaches (0ms)
		SetupLoadedEditorAssemblies (221ms)
			LogAssemblyErrors (0ms)
			InitializePlatformSupportModulesInManaged (8ms)
			SetLoadedEditorAssemblies (8ms)
			RefreshPlugins (0ms)
			BeforeProcessingInitializeOnLoad (2ms)
			ProcessInitializeOnLoadAttributes (146ms)
			ProcessInitializeOnLoadMethodAttributes (56ms)
			AfterProcessingInitializeOnLoad (0ms)
			EditorAssembliesLoaded (0ms)
		ExecutionOrderSort2 (0ms)
		AwakeInstancesAfterBackupRestoration (0ms)
========================================================================
Worker process is ready to serve import requests
Begin MonoManager ReloadAssembly
Symbol file LoadedFromMemory doesn't match image C:\Users\Manuel\Desktop\Facultad\2do Año\2do Cuatrimestre\Aplicación de Motores II\No-1\No-1\Library\PackageCache\com.unity.visualscripting@1.8.0\Editor\VisualScripting.Core\Dependencies\YamlDotNet\Unity.VisualScripting.YamlDotNet.dll
Symbol file LoadedFromMemory doesn't match image C:\Users\Manuel\Desktop\Facultad\2do Año\2do Cuatrimestre\Aplicación de Motores II\No-1\No-1\Library\PackageCache\com.unity.visualscripting@1.8.0\Editor\VisualScripting.Core\Dependencies\DotNetZip\Unity.VisualScripting.IonicZip.dll
- Loaded All Assemblies, in  0.981 seconds
Refreshing native plugins compatible for Editor in 4.63 ms, found 3 plugins.
Native extension for WindowsStandalone target not found
Mono: successfully reloaded assembly
- Finished resetting the current domain, in  0.608 seconds
Domain Reload Profiling: 1584ms
	BeginReloadAssembly (117ms)
		ExecutionOrderSort (0ms)
		DisableScriptedObjects (5ms)
		BackupInstance (0ms)
		ReleaseScriptingObjects (0ms)
		CreateAndSetChildDomain (19ms)
	RebuildCommonClasses (27ms)
	RebuildNativeTypeToScriptingClass (8ms)
	initialDomainReloadingComplete (34ms)
	LoadAllAssembliesAndSetupDomain (790ms)
		LoadAssemblies (604ms)
		RebuildTransferFunctionScriptingTraits (0ms)
		AnalyzeDomain (247ms)
			TypeCache.Refresh (221ms)
				TypeCache.ScanAssembly (210ms)
			ScanForSourceGeneratedMonoScriptInfo (19ms)
			ResolveRequiredComponents (7ms)
	FinalizeReload (609ms)
		ReleaseScriptCaches (0ms)
		RebuildScriptCaches (0ms)
		SetupLoadedEditorAssemblies (479ms)
			LogAssemblyErrors (0ms)
			InitializePlatformSupportModulesInManaged (3ms)
			SetLoadedEditorAssemblies (4ms)
			RefreshPlugins (0ms)
			BeforeProcessingInitializeOnLoad (72ms)
			ProcessInitializeOnLoadAttributes (348ms)
			ProcessInitializeOnLoadMethodAttributes (50ms)
			AfterProcessingInitializeOnLoad (2ms)
			EditorAssembliesLoaded (0ms)
		ExecutionOrderSort2 (0ms)
		AwakeInstancesAfterBackupRestoration (5ms)
Launched and connected shader compiler UnityShaderCompiler.exe after 0.25 seconds
Refreshing native plugins compatible for Editor in 6.51 ms, found 3 plugins.
Preloading 0 native plugins for Editor in 0.00 ms.
Unloading 5624 Unused Serialized files (Serialized files now loaded: 0)
Unloading 92 unused Assets / (1.6 MB). Loaded Objects now: 6084.
Memory consumption went from 237.3 MB to 235.6 MB.
Total: 4.866100 ms (FindLiveObjects: 0.610400 ms CreateObjectMapping: 0.194000 ms MarkObjects: 3.553100 ms  DeleteObjects: 0.507700 ms)

AssetImportParameters requested are different than current active one (requested -> active):
  custom:container-demuxer-ogg: 62fdf1f143b41e24485cea50d1cbac27 -> 
  custom:video-decoder-ogg-theora: a1e56fd34408186e4bbccfd4996cb3dc -> 
  custom:framework-win-MediaFoundation: 216162199b28c13a410421893ffa2e32 -> 
  custom:container-demuxer-webm: 4f35f7cbe854078d1ac9338744f61a02 -> 
  custom:container-muxer-webm: aa71ff27fc2769a1b78a27578f13a17b -> 
  custom:video-decoder-webm-vp8: 9c59270c3fd7afecdb556c50c9e8de78 -> 
  custom:AudioImporter_EditorPlatform: d09bf68614088b80899f8185d706f6e7 -> 
  custom:video-encoder-webm-vp8: eb34c28f22e8b96e1ab97ce403110664 -> 
  custom:audio-decoder-ogg-vorbis: bf7c407c2cedff20999df2af8eb42d56 -> 
  custom:audio-encoder-webm-vorbis: bf7c407c2cedff20999df2af8eb42d56 -> 
========================================================================
Received Prepare
Refreshing native plugins compatible for Editor in 11.35 ms, found 3 plugins.
Preloading 0 native plugins for Editor in 0.00 ms.
Unloading 15 Unused Serialized files (Serialized files now loaded: 0)
Unloading 15 unused Assets / (1.6 MB). Loaded Objects now: 6084.
Memory consumption went from 112.4 MB to 110.8 MB.
Total: 7.464200 ms (FindLiveObjects: 0.742900 ms CreateObjectMapping: 0.400100 ms MarkObjects: 5.837500 ms  DeleteObjects: 0.483100 ms)

Prepare: number of updated asset objects reloaded= 0
AssetImportParameters requested are different than current active one (requested -> active):
  custom:container-demuxer-ogg: 62fdf1f143b41e24485cea50d1cbac27 -> 
  custom:video-decoder-ogg-theora: a1e56fd34408186e4bbccfd4996cb3dc -> 
  custom:framework-win-MediaFoundation: 216162199b28c13a410421893ffa2e32 -> 
  custom:CustomObjectIndexerAttribute: a3ef5dd2817f97addfee359851a9dba5 -> 
  custom:container-demuxer-webm: 4f35f7cbe854078d1ac9338744f61a02 -> 
  custom:container-muxer-webm: aa71ff27fc2769a1b78a27578f13a17b -> 
  custom:video-decoder-webm-vp8: 9c59270c3fd7afecdb556c50c9e8de78 -> 
  custom:AudioImporter_EditorPlatform: d09bf68614088b80899f8185d706f6e7 -> 
  custom:video-encoder-webm-vp8: eb34c28f22e8b96e1ab97ce403110664 -> 
  custom:audio-decoder-ogg-vorbis: bf7c407c2cedff20999df2af8eb42d56 -> 
  custom:audio-encoder-webm-vorbis: bf7c407c2cedff20999df2af8eb42d56 -> 
========================================================================
Received Import Request.
  Time since last request: 183239.793613 seconds.
  path: Assets/Shader/Shaders/StylizedWater.mat
  artifactKey: Guid(3eae58304d5aefa4a9597d8a4433683e) Importer(815301076,1909f56bfc062723c751e8b465ee728b)
Start importing Assets/Shader/Shaders/StylizedWater.mat using Guid(3eae58304d5aefa4a9597d8a4433683e) Importer(815301076,1909f56bfc062723c751e8b465ee728b)  -> (artifact id: '3bab960f77bb95bed6244a6e3b1e6822') in 0.017226 seconds
Number of updated asset objects reloaded before import = 0
Number of asset objects unloaded after import = 2
========================================================================
Received Import Request.
  Time since last request: 111.416104 seconds.
  path: Assets/Readme.asset
  artifactKey: Guid(8105016687592461f977c054a80ce2f2) Importer(815301076,1909f56bfc062723c751e8b465ee728b)
Start importing Assets/Readme.asset using Guid(8105016687592461f977c054a80ce2f2) Importer(815301076,1909f56bfc062723c751e8b465ee728b)  -> (artifact id: '9b232f2c7c23ca79350ff43187ed20ef') in 0.004737 seconds
Number of updated asset objects reloaded before import = 0
Number of asset objects unloaded after import = 2
========================================================================
Received Import Request.
  Time since last request: 1.155937 seconds.
  path: Assets/Scenes
  artifactKey: Guid(99210fa6aedf5c0479cad5834163c0c2) Importer(815301076,1909f56bfc062723c751e8b465ee728b)
Start importing Assets/Scenes using Guid(99210fa6aedf5c0479cad5834163c0c2) Importer(815301076,1909f56bfc062723c751e8b465ee728b)  -> (artifact id: '50549fa09a11e12699adcca1eb90d423') in 0.000516 seconds
Number of updated asset objects reloaded before import = 0
Number of asset objects unloaded after import = 0
========================================================================
Received Import Request.
  Time since last request: 5.176410 seconds.
  path: Assets/Scenes/IA.unity
  artifactKey: Guid(f029e66118bc8e8498a053a15312c252) Importer(815301076,1909f56bfc062723c751e8b465ee728b)
Start importing Assets/Scenes/IA.unity using Guid(f029e66118bc8e8498a053a15312c252) Importer(815301076,1909f56bfc062723c751e8b465ee728b)  -> (artifact id: 'cc660550db5ec6f752fe3f8bd0d074a3') in 0.000528 seconds
Number of updated asset objects reloaded before import = 0
Number of asset objects unloaded after import = 0
========================================================================
Received Import Request.
  Time since last request: 27.948048 seconds.
  path: Assets/PreFabs/Enemy.prefab
  artifactKey: Guid(40d032de7384b8449839df4cfb573aa4) Importer(815301076,1909f56bfc062723c751e8b465ee728b)
Start importing Assets/PreFabs/Enemy.prefab using Guid(40d032de7384b8449839df4cfb573aa4) Importer(815301076,1909f56bfc062723c751e8b465ee728b)  -> (artifact id: 'e6c13faf242b6a4edb7ec351407bdfb0') in 0.041459 seconds
Number of updated asset objects reloaded before import = 0
Number of asset objects unloaded after import = 8
========================================================================
Received Import Request.
  Time since last request: 0.000016 seconds.
  path: Assets/PreFabs/Espada.prefab
  artifactKey: Guid(1405e34a7a55f82419d5eace26e9932b) Importer(815301076,1909f56bfc062723c751e8b465ee728b)
Start importing Assets/PreFabs/Espada.prefab using Guid(1405e34a7a55f82419d5eace26e9932b) Importer(815301076,1909f56bfc062723c751e8b465ee728b)  -> (artifact id: '7b48e5aec98d6cf8db1c8cafad811d70') in 0.015126 seconds
Number of updated asset objects reloaded before import = 0
Number of asset objects unloaded after import = 8
========================================================================
Received Prepare
Begin MonoManager ReloadAssembly
Symbol file LoadedFromMemory doesn't match image C:\Users\Manuel\Desktop\Facultad\2do Año\2do Cuatrimestre\Aplicación de Motores II\No-1\No-1\Library\PackageCache\com.unity.visualscripting@1.8.0\Editor\VisualScripting.Core\Dependencies\YamlDotNet\Unity.VisualScripting.YamlDotNet.dll
Symbol file LoadedFromMemory doesn't match image C:\Users\Manuel\Desktop\Facultad\2do Año\2do Cuatrimestre\Aplicación de Motores II\No-1\No-1\Library\PackageCache\com.unity.visualscripting@1.8.0\Editor\VisualScripting.Core\Dependencies\DotNetZip\Unity.VisualScripting.IonicZip.dll
- Loaded All Assemblies, in  0.650 seconds
Refreshing native plugins compatible for Editor in 5.13 ms, found 3 plugins.
Native extension for WindowsStandalone target not found
Mono: successfully reloaded assembly
- Finished resetting the current domain, in  2.169 seconds
Domain Reload Profiling: 2816ms
	BeginReloadAssembly (154ms)
		ExecutionOrderSort (0ms)
		DisableScriptedObjects (4ms)
		BackupInstance (0ms)
		ReleaseScriptingObjects (0ms)
		CreateAndSetChildDomain (40ms)
	RebuildCommonClasses (29ms)
	RebuildNativeTypeToScriptingClass (9ms)
	initialDomainReloadingComplete (25ms)
	LoadAllAssembliesAndSetupDomain (430ms)
		LoadAssemblies (273ms)
		RebuildTransferFunctionScriptingTraits (0ms)
		AnalyzeDomain (228ms)
			TypeCache.Refresh (220ms)
				TypeCache.ScanAssembly (207ms)
			ScanForSourceGeneratedMonoScriptInfo (0ms)
			ResolveRequiredComponents (8ms)
	FinalizeReload (2170ms)
		ReleaseScriptCaches (0ms)
		RebuildScriptCaches (0ms)
		SetupLoadedEditorAssemblies (492ms)
			LogAssemblyErrors (0ms)
			InitializePlatformSupportModulesInManaged (4ms)
			SetLoadedEditorAssemblies (4ms)
			RefreshPlugins (0ms)
			BeforeProcessingInitializeOnLoad (84ms)
			ProcessInitializeOnLoadAttributes (340ms)
			ProcessInitializeOnLoadMethodAttributes (59ms)
			AfterProcessingInitializeOnLoad (2ms)
			EditorAssembliesLoaded (0ms)
		ExecutionOrderSort2 (0ms)
		AwakeInstancesAfterBackupRestoration (17ms)
Refreshing native plugins compatible for Editor in 12.58 ms, found 3 plugins.
Preloading 0 native plugins for Editor in 0.00 ms.
Unloading 5404 Unused Serialized files (Serialized files now loaded: 0)
Unloading 54 unused Assets / (1.6 MB). Loaded Objects now: 6090.
Memory consumption went from 195.4 MB to 193.8 MB.
Total: 21.645500 ms (FindLiveObjects: 12.969600 ms CreateObjectMapping: 0.443200 ms MarkObjects: 7.666600 ms  DeleteObjects: 0.564800 ms)

Prepare: number of updated asset objects reloaded= 0
AssetImportParameters requested are different than current active one (requested -> active):
  custom:container-demuxer-ogg: 62fdf1f143b41e24485cea50d1cbac27 -> 
  custom:video-decoder-ogg-theora: a1e56fd34408186e4bbccfd4996cb3dc -> 
  custom:framework-win-MediaFoundation: 216162199b28c13a410421893ffa2e32 -> 
  custom:CustomObjectIndexerAttribute: a3ef5dd2817f97addfee359851a9dba5 -> 
  custom:container-demuxer-webm: 4f35f7cbe854078d1ac9338744f61a02 -> 
  custom:container-muxer-webm: aa71ff27fc2769a1b78a27578f13a17b -> 
  custom:video-decoder-webm-vp8: 9c59270c3fd7afecdb556c50c9e8de78 -> 
  custom:AudioImporter_EditorPlatform: d09bf68614088b80899f8185d706f6e7 -> 
  custom:video-encoder-webm-vp8: eb34c28f22e8b96e1ab97ce403110664 -> 
  custom:audio-decoder-ogg-vorbis: bf7c407c2cedff20999df2af8eb42d56 -> 
  custom:audio-encoder-webm-vorbis: bf7c407c2cedff20999df2af8eb42d56 -> 
========================================================================
Received Import Request.
  Time since last request: 328.288984 seconds.
  path: Assets/Scripts
  artifactKey: Guid(0167e1658d1ed864390caf6957abacb8) Importer(815301076,1909f56bfc062723c751e8b465ee728b)
Start importing Assets/Scripts using Guid(0167e1658d1ed864390caf6957abacb8) Importer(815301076,1909f56bfc062723c751e8b465ee728b)  -> (artifact id: 'd6f6b63b06b92d4f3d0105b75afeed20') in 0.001712 seconds
Number of updated asset objects reloaded before import = 0
Number of asset objects unloaded after import = 0
========================================================================
Received Import Request.
  Time since last request: 5.514065 seconds.
  path: Assets/Scripts/IA
  artifactKey: Guid(08b4a79a0db77044ab4ef12d5b59d81c) Importer(815301076,1909f56bfc062723c751e8b465ee728b)
Start importing Assets/Scripts/IA using Guid(08b4a79a0db77044ab4ef12d5b59d81c) Importer(815301076,1909f56bfc062723c751e8b465ee728b)  -> (artifact id: '22674d5f715fcd452df61f842b6793d7') in 0.000596 seconds
Number of updated asset objects reloaded before import = 0
Number of asset objects unloaded after import = 0
========================================================================
Received Import Request.
  Time since last request: 3804.880043 seconds.
  path: Assets/Scripts/IA/GameManager.cs
  artifactKey: Guid(bced8c9733f82d14b8779dbdb51add80) Importer(815301076,1909f56bfc062723c751e8b465ee728b)
Start importing Assets/Scripts/IA/GameManager.cs using Guid(bced8c9733f82d14b8779dbdb51add80) Importer(815301076,1909f56bfc062723c751e8b465ee728b)  -> (artifact id: 'a4f1eccafe9a29180bb0f8a7875877be') in 0.001449 seconds
Number of updated asset objects reloaded before import = 0
Number of asset objects unloaded after import = 0
========================================================================
Received Prepare
Begin MonoManager ReloadAssembly
Symbol file LoadedFromMemory doesn't match image C:\Users\Manuel\Desktop\Facultad\2do Año\2do Cuatrimestre\Aplicación de Motores II\No-1\No-1\Library\PackageCache\com.unity.visualscripting@1.8.0\Editor\VisualScripting.Core\Dependencies\YamlDotNet\Unity.VisualScripting.YamlDotNet.dll
Symbol file LoadedFromMemory doesn't match image C:\Users\Manuel\Desktop\Facultad\2do Año\2do Cuatrimestre\Aplicación de Motores II\No-1\No-1\Library\PackageCache\com.unity.visualscripting@1.8.0\Editor\VisualScripting.Core\Dependencies\DotNetZip\Unity.VisualScripting.IonicZip.dll
- Loaded All Assemblies, in  1.025 seconds
Refreshing native plugins compatible for Editor in 4.13 ms, found 3 plugins.
Native extension for WindowsStandalone target not found
Mono: successfully reloaded assembly
- Finished resetting the current domain, in  5.313 seconds
Domain Reload Profiling: 6335ms
	BeginReloadAssembly (229ms)
		ExecutionOrderSort (0ms)
		DisableScriptedObjects (6ms)
		BackupInstance (0ms)
		ReleaseScriptingObjects (0ms)
		CreateAndSetChildDomain (89ms)
	RebuildCommonClasses (25ms)
	RebuildNativeTypeToScriptingClass (8ms)
	initialDomainReloadingComplete (24ms)
	LoadAllAssembliesAndSetupDomain (737ms)
		LoadAssemblies (585ms)
		RebuildTransferFunctionScriptingTraits (0ms)
		AnalyzeDomain (228ms)
			TypeCache.Refresh (213ms)
				TypeCache.ScanAssembly (196ms)
			ScanForSourceGeneratedMonoScriptInfo (7ms)
			ResolveRequiredComponents (8ms)
	FinalizeReload (5313ms)
		ReleaseScriptCaches (0ms)
		RebuildScriptCaches (0ms)
		SetupLoadedEditorAssemblies (420ms)
			LogAssemblyErrors (0ms)
			InitializePlatformSupportModulesInManaged (3ms)
			SetLoadedEditorAssemblies (3ms)
			RefreshPlugins (0ms)
			BeforeProcessingInitializeOnLoad (66ms)
			ProcessInitializeOnLoadAttributes (298ms)
			ProcessInitializeOnLoadMethodAttributes (48ms)
			AfterProcessingInitializeOnLoad (2ms)
			EditorAssembliesLoaded (0ms)
		ExecutionOrderSort2 (0ms)
		AwakeInstancesAfterBackupRestoration (13ms)
Refreshing native plugins compatible for Editor in 4.96 ms, found 3 plugins.
Preloading 0 native plugins for Editor in 0.00 ms.
Unloading 5405 Unused Serialized files (Serialized files now loaded: 0)
Unloading 54 unused Assets / (1.6 MB). Loaded Objects now: 6095.
Memory consumption went from 195.4 MB to 193.8 MB.
Total: 5.501700 ms (FindLiveObjects: 0.649300 ms CreateObjectMapping: 0.367500 ms MarkObjects: 3.801400 ms  DeleteObjects: 0.679700 ms)

Prepare: number of updated asset objects reloaded= 0
AssetImportParameters requested are different than current active one (requested -> active):
  custom:container-demuxer-ogg: 62fdf1f143b41e24485cea50d1cbac27 -> 
  custom:video-decoder-ogg-theora: a1e56fd34408186e4bbccfd4996cb3dc -> 
  custom:framework-win-MediaFoundation: 216162199b28c13a410421893ffa2e32 -> 
  custom:CustomObjectIndexerAttribute: a3ef5dd2817f97addfee359851a9dba5 -> 
  custom:container-demuxer-webm: 4f35f7cbe854078d1ac9338744f61a02 -> 
  custom:container-muxer-webm: aa71ff27fc2769a1b78a27578f13a17b -> 
  custom:video-decoder-webm-vp8: 9c59270c3fd7afecdb556c50c9e8de78 -> 
  custom:AudioImporter_EditorPlatform: d09bf68614088b80899f8185d706f6e7 -> 
  custom:video-encoder-webm-vp8: eb34c28f22e8b96e1ab97ce403110664 -> 
  custom:audio-decoder-ogg-vorbis: bf7c407c2cedff20999df2af8eb42d56 -> 
  custom:audio-encoder-webm-vorbis: bf7c407c2cedff20999df2af8eb42d56 -> 
========================================================================
Received Import Request.
  Time since last request: 27.664025 seconds.
  path: Assets/Scripts/IA/GameManager.cs
  artifactKey: Guid(bced8c9733f82d14b8779dbdb51add80) Importer(815301076,1909f56bfc062723c751e8b465ee728b)
Start importing Assets/Scripts/IA/GameManager.cs using Guid(bced8c9733f82d14b8779dbdb51add80) Importer(815301076,1909f56bfc062723c751e8b465ee728b)  -> (artifact id: 'ad645c9435a3635b424b14793a8685cd') in 0.034150 seconds
Number of updated asset objects reloaded before import = 0
Number of asset objects unloaded after import = 0
========================================================================
Received Import Request.
  Time since last request: 5.841988 seconds.
  path: Assets/Scripts/IA/GameManager.cs
  artifactKey: Guid(bced8c9733f82d14b8779dbdb51add80) Importer(815301076,1909f56bfc062723c751e8b465ee728b)
Start importing Assets/Scripts/IA/GameManager.cs using Guid(bced8c9733f82d14b8779dbdb51add80) Importer(815301076,1909f56bfc062723c751e8b465ee728b)  -> (artifact id: '6aa0e4c7c62c2c7eaad6b6e491f2f1ab') in 0.000583 seconds
Number of updated asset objects reloaded before import = 0
Number of asset objects unloaded after import = 0
========================================================================
Received Import Request.
  Time since last request: 24.225114 seconds.
  path: Assets/Scripts/IA/FSM.cs
  artifactKey: Guid(0ad714c8ef14eea40ab5da8289e25304) Importer(815301076,1909f56bfc062723c751e8b465ee728b)
Start importing Assets/Scripts/IA/FSM.cs using Guid(0ad714c8ef14eea40ab5da8289e25304) Importer(815301076,1909f56bfc062723c751e8b465ee728b)  -> (artifact id: '3657c1057ea4d776c39533a1fc4f2fe8') in 0.000586 seconds
Number of updated asset objects reloaded before import = 0
Number of asset objects unloaded after import = 0
========================================================================
Received Import Request.
  Time since last request: 7.943173 seconds.
  path: Assets/Scripts/IA/FSM.cs
  artifactKey: Guid(0ad714c8ef14eea40ab5da8289e25304) Importer(815301076,1909f56bfc062723c751e8b465ee728b)
Start importing Assets/Scripts/IA/FSM.cs using Guid(0ad714c8ef14eea40ab5da8289e25304) Importer(815301076,1909f56bfc062723c751e8b465ee728b)  -> (artifact id: 'f8cb5c061e8aeb3a1cc94316d6ee6e53') in 0.001122 seconds
Number of updated asset objects reloaded before import = 0
Number of asset objects unloaded after import = 0
========================================================================
Received Import Request.
  Time since last request: 2.988929 seconds.
  path: Assets/Scripts/IA/FSM.cs
  artifactKey: Guid(0ad714c8ef14eea40ab5da8289e25304) Importer(815301076,1909f56bfc062723c751e8b465ee728b)
Start importing Assets/Scripts/IA/FSM.cs using Guid(0ad714c8ef14eea40ab5da8289e25304) Importer(815301076,1909f56bfc062723c751e8b465ee728b)  -> (artifact id: 'e8bf533df9114ee6bacd154f08b360be') in 0.000439 seconds
Number of updated asset objects reloaded before import = 0
Number of asset objects unloaded after import = 0
========================================================================
Received Import Request.
  Time since last request: 8.897070 seconds.
  path: Assets/Scripts/IA/IState.cs
  artifactKey: Guid(46ede268d1cd6e34b9d8f110af09e89a) Importer(815301076,1909f56bfc062723c751e8b465ee728b)
Start importing Assets/Scripts/IA/IState.cs using Guid(46ede268d1cd6e34b9d8f110af09e89a) Importer(815301076,1909f56bfc062723c751e8b465ee728b)  -> (artifact id: 'ee260e0f28479b9578c66680bd562cd4') in 0.000436 seconds
Number of updated asset objects reloaded before import = 0
Number of asset objects unloaded after import = 0
========================================================================
Received Import Request.
  Time since last request: 7.945311 seconds.
  path: Assets/Scripts/IA/IState.cs
  artifactKey: Guid(46ede268d1cd6e34b9d8f110af09e89a) Importer(815301076,1909f56bfc062723c751e8b465ee728b)
Start importing Assets/Scripts/IA/IState.cs using Guid(46ede268d1cd6e34b9d8f110af09e89a) Importer(815301076,1909f56bfc062723c751e8b465ee728b)  -> (artifact id: '77f586bb90523186bf22014e7663b1d5') in 0.000407 seconds
Number of updated asset objects reloaded before import = 0
Number of asset objects unloaded after import = 0
========================================================================
Received Import Request.
  Time since last request: 13.052868 seconds.
  path: Assets/Scripts/IA/IdleState.cs
  artifactKey: Guid(c041a5dff81e3144f875e9941db93197) Importer(815301076,1909f56bfc062723c751e8b465ee728b)
Start importing Assets/Scripts/IA/IdleState.cs using Guid(c041a5dff81e3144f875e9941db93197) Importer(815301076,1909f56bfc062723c751e8b465ee728b)  -> (artifact id: 'e9c3f7677674c7b23b5f85278cb1f3fc') in 0.000421 seconds
Number of updated asset objects reloaded before import = 0
Number of asset objects unloaded after import = 0
========================================================================
Received Import Request.
  Time since last request: 7.525929 seconds.
  path: Assets/Scripts/IA/IdleState.cs
  artifactKey: Guid(c041a5dff81e3144f875e9941db93197) Importer(815301076,1909f56bfc062723c751e8b465ee728b)
Start importing Assets/Scripts/IA/IdleState.cs using Guid(c041a5dff81e3144f875e9941db93197) Importer(815301076,1909f56bfc062723c751e8b465ee728b)  -> (artifact id: '72a3dd92f945ede67b9740d009574ca0') in 0.000627 seconds
Number of updated asset objects reloaded before import = 0
Number of asset objects unloaded after import = 0
========================================================================
Received Import Request.
  Time since last request: 17.292186 seconds.
  path: Assets/Scripts/IA/MovementState.cs
  artifactKey: Guid(3d5a773bf96d36c49af3d7ac48ce21fa) Importer(815301076,1909f56bfc062723c751e8b465ee728b)
Start importing Assets/Scripts/IA/MovementState.cs using Guid(3d5a773bf96d36c49af3d7ac48ce21fa) Importer(815301076,1909f56bfc062723c751e8b465ee728b)  -> (artifact id: '1aa9bceb96924ceeaa8948c8c6187ebe') in 0.000412 seconds
Number of updated asset objects reloaded before import = 0
Number of asset objects unloaded after import = 0
========================================================================
Received Import Request.
  Time since last request: 4.940644 seconds.
  path: Assets/Scripts/IA/MovementState.cs
  artifactKey: Guid(3d5a773bf96d36c49af3d7ac48ce21fa) Importer(815301076,1909f56bfc062723c751e8b465ee728b)
Start importing Assets/Scripts/IA/MovementState.cs using Guid(3d5a773bf96d36c49af3d7ac48ce21fa) Importer(815301076,1909f56bfc062723c751e8b465ee728b)  -> (artifact id: '6f5da0166c6880600110fbd348c4c57b') in 0.000646 seconds
Number of updated asset objects reloaded before import = 0
Number of asset objects unloaded after import = 0
========================================================================
Received Import Request.
  Time since last request: 10.654731 seconds.
  path: Assets/Scripts/IA/PatrolState.cs
  artifactKey: Guid(b7350745950a26544a9b857ccfb225b6) Importer(815301076,1909f56bfc062723c751e8b465ee728b)
Start importing Assets/Scripts/IA/PatrolState.cs using Guid(b7350745950a26544a9b857ccfb225b6) Importer(815301076,1909f56bfc062723c751e8b465ee728b)  -> (artifact id: 'd8daa1277bd6d1409fa4a5cb84daa20b') in 0.000720 seconds
Number of updated asset objects reloaded before import = 0
Number of asset objects unloaded after import = 0
========================================================================
Received Import Request.
  Time since last request: 4.475536 seconds.
  path: Assets/Scripts/IA/PatrolState.cs
  artifactKey: Guid(b7350745950a26544a9b857ccfb225b6) Importer(815301076,1909f56bfc062723c751e8b465ee728b)
Start importing Assets/Scripts/IA/PatrolState.cs using Guid(b7350745950a26544a9b857ccfb225b6) Importer(815301076,1909f56bfc062723c751e8b465ee728b)  -> (artifact id: 'b4f60219160022db4d4904d2a0e33ed7') in 0.000551 seconds
Number of updated asset objects reloaded before import = 0
Number of asset objects unloaded after import = 0
========================================================================
Received Import Request.
  Time since last request: 25.234816 seconds.
  path: Assets/Scripts/IA/HuntingState.cs
  artifactKey: Guid(b39199f0e3907174d9b30de4d46d406f) Importer(815301076,1909f56bfc062723c751e8b465ee728b)
Start importing Assets/Scripts/IA/HuntingState.cs using Guid(b39199f0e3907174d9b30de4d46d406f) Importer(815301076,1909f56bfc062723c751e8b465ee728b)  -> (artifact id: 'de6ddf5419917a6b7a7bedfa30246d65') in 0.000447 seconds
Number of updated asset objects reloaded before import = 0
Number of asset objects unloaded after import = 0
========================================================================
Received Import Request.
  Time since last request: 4.341957 seconds.
  path: Assets/Scripts/IA/HuntingState.cs
  artifactKey: Guid(b39199f0e3907174d9b30de4d46d406f) Importer(815301076,1909f56bfc062723c751e8b465ee728b)
Start importing Assets/Scripts/IA/HuntingState.cs using Guid(b39199f0e3907174d9b30de4d46d406f) Importer(815301076,1909f56bfc062723c751e8b465ee728b)  -> (artifact id: '59edb522c9a4d814af7ab04b2f21ad9e') in 0.000433 seconds
Number of updated asset objects reloaded before import = 0
Number of asset objects unloaded after import = 0
========================================================================
Received Import Request.
  Time since last request: 11.423059 seconds.
  path: Assets/Scripts/IA/RestState.cs
  artifactKey: Guid(0e771235778973b4fa5220da5dadda75) Importer(815301076,1909f56bfc062723c751e8b465ee728b)
Start importing Assets/Scripts/IA/RestState.cs using Guid(0e771235778973b4fa5220da5dadda75) Importer(815301076,1909f56bfc062723c751e8b465ee728b)  -> (artifact id: '9e50acf87aa4636de2b827e5c59ac08a') in 0.000427 seconds
Number of updated asset objects reloaded before import = 0
Number of asset objects unloaded after import = 0
========================================================================
Received Import Request.
  Time since last request: 5.090360 seconds.
  path: Assets/Scripts/IA/RestState.cs
  artifactKey: Guid(0e771235778973b4fa5220da5dadda75) Importer(815301076,1909f56bfc062723c751e8b465ee728b)
Start importing Assets/Scripts/IA/RestState.cs using Guid(0e771235778973b4fa5220da5dadda75) Importer(815301076,1909f56bfc062723c751e8b465ee728b)  -> (artifact id: '9333cf8d6ed2c86dc399fb3386646862') in 0.000461 seconds
Number of updated asset objects reloaded before import = 0
Number of asset objects unloaded after import = 0
========================================================================
Received Import Request.
  Time since last request: 14.352716 seconds.
  path: Assets/Scripts/IA/Hunter.cs
  artifactKey: Guid(8474563b53c2b7a429487cf5c15d5f9a) Importer(815301076,1909f56bfc062723c751e8b465ee728b)
Start importing Assets/Scripts/IA/Hunter.cs using Guid(8474563b53c2b7a429487cf5c15d5f9a) Importer(815301076,1909f56bfc062723c751e8b465ee728b)  -> (artifact id: '135b4cdc0a2bda43c5a2370eb385b75f') in 0.000451 seconds
Number of updated asset objects reloaded before import = 0
Number of asset objects unloaded after import = 0
========================================================================
Received Import Request.
  Time since last request: 5.014513 seconds.
  path: Assets/Scripts/IA/Hunter.cs
  artifactKey: Guid(8474563b53c2b7a429487cf5c15d5f9a) Importer(815301076,1909f56bfc062723c751e8b465ee728b)
Start importing Assets/Scripts/IA/Hunter.cs using Guid(8474563b53c2b7a429487cf5c15d5f9a) Importer(815301076,1909f56bfc062723c751e8b465ee728b)  -> (artifact id: '9ea40b5eaffcf323e9aafb8c12b75c64') in 0.000532 seconds
Number of updated asset objects reloaded before import = 0
Number of asset objects unloaded after import = 0
========================================================================
Received Import Request.
  Time since last request: 11.123678 seconds.
  path: Assets/Scripts/IA/BoidAI.cs
  artifactKey: Guid(105cfb1e3d389e744bed53e412ad08d9) Importer(815301076,1909f56bfc062723c751e8b465ee728b)
Start importing Assets/Scripts/IA/BoidAI.cs using Guid(105cfb1e3d389e744bed53e412ad08d9) Importer(815301076,1909f56bfc062723c751e8b465ee728b)  -> (artifact id: 'b2aca82d05fca3c89e0220369ac2f016') in 0.000552 seconds
Number of updated asset objects reloaded before import = 0
Number of asset objects unloaded after import = 0
========================================================================
Received Import Request.
  Time since last request: 7.786785 seconds.
  path: Assets/Scripts/IA/BoidAI.cs
  artifactKey: Guid(105cfb1e3d389e744bed53e412ad08d9) Importer(815301076,1909f56bfc062723c751e8b465ee728b)
Start importing Assets/Scripts/IA/BoidAI.cs using Guid(105cfb1e3d389e744bed53e412ad08d9) Importer(815301076,1909f56bfc062723c751e8b465ee728b)  -> (artifact id: '9a43fa32bc2d39f1c144abe3de135c41') in 0.000463 seconds
Number of updated asset objects reloaded before import = 0
Number of asset objects unloaded after import = 0
========================================================================
Received Import Request.
  Time since last request: 18.600862 seconds.
  path: Assets/Scripts/IA/FoodManager.cs
  artifactKey: Guid(5427afa029f272842859e7e5d25d468b) Importer(815301076,1909f56bfc062723c751e8b465ee728b)
Start importing Assets/Scripts/IA/FoodManager.cs using Guid(5427afa029f272842859e7e5d25d468b) Importer(815301076,1909f56bfc062723c751e8b465ee728b)  -> (artifact id: 'cdfaeb2458947ecb1cb8f5647847ee71') in 0.000437 seconds
Number of updated asset objects reloaded before import = 0
Number of asset objects unloaded after import = 0
========================================================================
Received Import Request.
  Time since last request: 3.089519 seconds.
  path: Assets/Scripts/IA/FoodManager.cs
  artifactKey: Guid(5427afa029f272842859e7e5d25d468b) Importer(815301076,1909f56bfc062723c751e8b465ee728b)
Start importing Assets/Scripts/IA/FoodManager.cs using Guid(5427afa029f272842859e7e5d25d468b) Importer(815301076,1909f56bfc062723c751e8b465ee728b)  -> (artifact id: '761ce56eed4e40f092aa408f0620de7a') in 0.000514 seconds
Number of updated asset objects reloaded before import = 0
Number of asset objects unloaded after import = 0
========================================================================
Received Import Request.
  Time since last request: 8.440561 seconds.
  path: Assets/Scripts/IA/Food.cs
  artifactKey: Guid(315a149acff3e6b4caf04ab9fd8b3911) Importer(815301076,1909f56bfc062723c751e8b465ee728b)
Start importing Assets/Scripts/IA/Food.cs using Guid(315a149acff3e6b4caf04ab9fd8b3911) Importer(815301076,1909f56bfc062723c751e8b465ee728b)  -> (artifact id: 'e4be5d04ec6e435c74c84d8940a33d68') in 0.000457 seconds
Number of updated asset objects reloaded before import = 0
Number of asset objects unloaded after import = 0
========================================================================
Received Import Request.
  Time since last request: 2.808183 seconds.
  path: Assets/Scripts/IA/Food.cs
  artifactKey: Guid(315a149acff3e6b4caf04ab9fd8b3911) Importer(815301076,1909f56bfc062723c751e8b465ee728b)
Start importing Assets/Scripts/IA/Food.cs using Guid(315a149acff3e6b4caf04ab9fd8b3911) Importer(815301076,1909f56bfc062723c751e8b465ee728b)  -> (artifact id: '4bb9c0cda3a924bc7c36fbe1a6e3a5c9') in 0.000456 seconds
Number of updated asset objects reloaded before import = 0
Number of asset objects unloaded after import = 0
========================================================================
Received Import Request.
  Time since last request: 158.066596 seconds.
  path: Assets/Scripts/IA/Hunter.cs
  artifactKey: Guid(8474563b53c2b7a429487cf5c15d5f9a) Importer(815301076,1909f56bfc062723c751e8b465ee728b)
Start importing Assets/Scripts/IA/Hunter.cs using Guid(8474563b53c2b7a429487cf5c15d5f9a) Importer(815301076,1909f56bfc062723c751e8b465ee728b)  -> (artifact id: '5d0adcb293b4184923cf21496aacd3d1') in 0.000472 seconds
Number of updated asset objects reloaded before import = 0
Number of asset objects unloaded after import = 0
